Unity Editor version:    6000.4.0f1 (8cf496087c8f)
Branch:                  6000.4/staging
Build type:              Release
Batch mode:              YES
macOS version:           Version 26.4 (Build 25E246)
Darwin version:          25.4.0
Architecture:            arm64
Running under Rosetta:   NO
Available memory:        16384 MB
Date:                    2026-04-07T17:39:56Z
[Licensing::Module] Trying to connect to existing licensing client channel...
[Licensing::IpcConnector] Channel LicenseClient-azt doesn't exist
Launching external process: /Applications/Unity/Hub/Editor/6000.4.0f1/Unity.app/Contents/Helpers/UnityLicensingClient.app/Contents/MacOS/Unity.Licensing.Client
[Licensing::Module] Successfully launched the LicensingClient (PId: 38237)
Launching external process: /Applications/Unity/Hub/Editor/6000.4.0f1/Unity.app/Contents/Helpers/PackageManager/Server/UnityPackageManager

COMMAND LINE ARGUMENTS:
/Applications/Unity/Hub/Editor/6000.4.0f1/Unity.app/Contents/MacOS/Unity
-batchmode
-nographics
-projectPath
/Users/azt/Desktop/Python/CyberDriftRunner
-quit
-executeMethod
ProductionReadinessValidator.ValidateProductionReadiness
-logFile
/Users/azt/Desktop/Python/CyberDriftRunner/unity-readiness.log
Successfully changed project path to: /Users/azt/Desktop/Python/CyberDriftRunner
/Users/azt/Desktop/Python/CyberDriftRunner
[UnityMemory] Configuration Parameters - Can be set up in boot.config
    "memorysetup-temp-allocator-size-gi-baking-worker=262144"
    "memorysetup-temp-allocator-size-gi-baking-worker=262144"
    "memorysetup-temp-allocator-size-gi-baking-worker=262144"
    "memorysetup-temp-allocator-size-gi-baking-worker=262144"
    "memorysetup-temp-allocator-size-gi-baking-worker=262144"
    "memorysetup-temp-allocator-size-nav-mesh-worker=65536"
    "memorysetup-temp-allocator-size-audio-worker=65536"
    "memorysetup-temp-allocator-size-cloud-worker=32768"
    "memorysetup-allocator-temp-initial-block-size-main=262144"
    "memorysetup-allocator-temp-initial-block-size-worker=262144"
    "memorysetup-temp-allocator-size-background-worker=32768"
    "memorysetup-temp-allocator-size-job-worker=262144"
    "memorysetup-temp-allocator-size-preload-manager=33554432"
    "memorysetup-temp-allocator-size-gfx=262144"
    "memorysetup-bucket-allocator-granularity=16"
    "memorysetup-bucket-allocator-bucket-count=8"
    "memorysetup-bucket-allocator-block-size=33554432"
    "memorysetup-bucket-allocator-block-count=8"
    "memorysetup-main-allocator-block-size=16777216"
    "memorysetup-thread-allocator-block-size=16777216"
    "memorysetup-gfx-main-allocator-block-size=16777216"
    "memorysetup-gfx-thread-allocator-block-size=16777216"
    "memorysetup-cache-allocator-block-size=4194304"
    "memorysetup-typetree-allocator-block-size=2097152"
    "memorysetup-profiler-bucket-allocator-granularity=16"
    "memorysetup-profiler-bucket-allocator-bucket-count=8"
    "memorysetup-profiler-bucket-allocator-block-size=33554432"
    "memorysetup-profiler-bucket-allocator-block-count=8"
    "memorysetup-profiler-allocator-block-size=16777216"
    "memorysetup-profiler-editor-allocator-block-size=1048576"
    "memorysetup-temp-allocator-size-main=16777216"
    "memorysetup-job-temp-allocator-block-size=2097152"
    "memorysetup-job-temp-allocator-block-size-background=1048576"
    "memorysetup-job-temp-allocator-reduction-small-platforms=262144"
Player connection [8499796160]  Target information:

Player connection [8499796160]  * "[IP] 192.168.1.78 [Port] 55504 [Flags] 2 [Guid] 1477078863 [EditorId] 1477078863 [Version] 1048832 [Id] OSXEditor(0,AZTs-MacBook-Pro.local) [Debug] 1 [PackageName] OSXEditor [ProjectName] Editor" 

Player connection [8499796160] Host joined multi-casting on [225.0.0.222:54997]...
Player connection [8499796160] Host joined alternative multi-casting on [225.0.0.222:34997]...
Input System module state changed to: Initialized.
[Physics::Module] Initialized fallback backend.
[Physics::Module] Id: 0xdecafbad
[Licensing::IpcConnector] Successfully connected to: "LicenseClient-azt" at "2026-04-07T17:39:56.677292Z"
[Package Manager] Connected to IPC stream "Upm-38236" after 0.3 seconds.
[Licensing::Module] Licensing is not yet initialized.
[Licensing::Client] Handshaking with LicensingClient:
  Version:                 1.18.1+9fbee8e
  Session Id:              e82dd51001c34ae1a6031f715ef9c3d7
  Correlation Id:          bd817aec5258700fb776016066209e8f
  External correlation Id: 6317754537823679321
  Machine Id:              txmfDpQmRiGa2aU+eM/Y7W5g/0Q=
[Licensing::Module] Successfully connected to LicensingClient on channel: "LicenseClient-azt" (connect: 0.25s, validation: 0.04s, handshake: 0.78s)
[Licensing::IpcConnector] Successfully connected to: "LicenseClient-azt-notifications" at "2026-04-07T17:39:57.489261Z"
[Licensing::Module] Connected to LicensingClient (PId: 38237, launch time: 0.00, total connection time: 1.07s)
[Licensing::Module] Error: Access token is unavailable; failed to update
[Licensing::Client] Successfully resolved entitlement details
[Licensing::Module] License group:
  Id: 18968408505376-UnityPersXXXX
  Product: Unity Personal
  Type: Assigned
  Expiration: Unlimited
[Licensing::Client] Successfully updated license, isAsync: True, time: 0.01
[Licensing::Client] Successfully resolved entitlement details
[Licensing::Module] Licensing Background thread has ended after 1.10s
[Licensing::Module] Licensing is initialized (took 0.67s).
[Licensing::Client] Successfully resolved entitlement details
Library Redirect Path: Library/
[Physics::Module] Selected backend.
[Physics::Module] Name: PhysX
[Physics::Module] Id: 0xf2b8ea05
[Physics::Module] SDK Version: 4.1.2
[Physics::Module] Integration Version: 1.0.0
[Physics::Module] Threading Mode: Multi-Threaded
Artifact Garbage Collection - Removed 2 unused hashed content files
Initialize engine version: 6000.4.0f1 (8cf496087c8f)
[Subsystems] Discovering subsystems at path /Applications/Unity/Hub/Editor/6000.4.0f1/Unity.app/Contents/Resources/UnitySubsystems
[Subsystems] Discovering subsystems at path /Users/azt/Desktop/Python/CyberDriftRunner/Assets
Forcing GfxDevice: Null
GfxDevice: creating device client; kGfxThreadingModeNonThreaded
NullGfxDevice:
    Version:  NULL 1.0 [1.0]
    Renderer: Null Device
    Vendor:   Unity Technologies
Initialize mono
Mono path[0] = '/Applications/Unity/Hub/Editor/6000.4.0f1/Unity.app/Contents/Resources/Scripting/Managed'
Mono path[1] = '/Applications/Unity/Hub/Editor/6000.4.0f1/Unity.app/Contents/Resources/Scripting/MonoBleedingEdge/lib/mono/unityjit-macos'
Mono config path = '/Applications/Unity/Hub/Editor/6000.4.0f1/Unity.app/Contents/Resources/Scripting/MonoBleedingEdge/etc'
Using monoOptions --debugger-agent=transport=dt_socket,embedding=1,server=y,suspend=n,address=127.0.0.1:56236
CodeReloadManager initialized
Using cacheserver namespaces - metadata:defaultmetadata, artifacts:defaultartifacts
Using cacheserver namespaces - metadata:defaultmetadata, artifacts:defaultartifacts
ImportWorker Server TCP listen port: 0
AcceleratorClientConnectionCallback - disconnected - :0
Begin MonoManager ReloadAssembly
Registering precompiled unity dll's ...
Register platform support module: /Applications/Unity/Hub/Editor/6000.4.0f1/PlaybackEngines/WebGLSupport/UnityEditor.WebGL.Extensions.dll
Register platform support module: /Applications/Unity/Hub/Editor/6000.4.0f1/Unity.app/Contents/PlaybackEngines/MacStandaloneSupport/UnityEditor.OSXStandalone.Extensions.dll
Registered in 0.001122 seconds.
Native extension for OSXStandalone target not found
Native extension for WebGL target not found
Package Manager log level set to [2]
ScheduleIndexationOnStartup MainProcess:False IndexOnStartup:True
Mono: successfully reloaded assembly
- Finished resetting the current domain, in  0.520 seconds
Domain Reload Profiling: 1210ms
	BeginReloadAssembly (144ms)
		CreateAndSetChildDomain (8ms)
	RebuildCommonClasses (73ms)
	RebuildNativeTypeToScriptingClass (34ms)
	initialDomainReloadingComplete (92ms)
	LoadAllAssembliesAndSetupDomain (344ms)
		LoadAssemblies (135ms)
		AnalyzeDomain (331ms)
			TypeCache.Refresh (329ms)
				TypeCache.ScanAssembly (305ms)
	FinalizeReload (523ms)
		SetupLoadedEditorAssemblies (0ms)
			InitializePlatformSupportModulesInManaged (60ms)
			BeforeProcessingInitializeOnLoad (120ms)
			ProcessInitializeOnLoadAttributes (120ms)
			ProcessInitializeOnLoadMethodAttributes (109ms)
[Licensing::Client] Successfully resolved entitlement details
Application.AssetDatabase Initial Refresh Start
[Package Manager] Restoring resolved packages state from cache
[Licensing::Client] Successfully resolved entitlement details
[Package Manager] Registered 36 packages:
  Packages from [https://packages.unity.com]:
    com.unity.ads@4.17.0 (location: /Users/azt/Desktop/Python/CyberDriftRunner/Library/PackageCache/com.unity.ads@c6e6f61ed7d9)
    com.unity.ide.rider@3.0.18 (location: /Users/azt/Desktop/Python/CyberDriftRunner/Library/PackageCache/com.unity.ide.rider@8ccdc645b2dd)
    com.unity.ide.visualstudio@2.0.22 (location: /Users/azt/Desktop/Python/CyberDriftRunner/Library/PackageCache/com.unity.ide.visualstudio@8140e851d83e)
    com.unity.inputsystem@1.11.2 (location: /Users/azt/Desktop/Python/CyberDriftRunner/Library/PackageCache/com.unity.inputsystem@3c4a97c3950f)
    com.unity.mobile.notifications@2.3.2 (location: /Users/azt/Desktop/Python/CyberDriftRunner/Library/PackageCache/com.unity.mobile.notifications@be4d525ffa46)
    com.unity.services.analytics@6.0.3 (location: /Users/azt/Desktop/Python/CyberDriftRunner/Library/PackageCache/com.unity.services.analytics@3692623288ba)
    com.unity.services.core@1.16.0 (location: /Users/azt/Desktop/Python/CyberDriftRunner/Library/PackageCache/com.unity.services.core@8ba50f624741)
    com.unity.nuget.newtonsoft-json@3.2.2 (location: /Users/azt/Desktop/Python/CyberDriftRunner/Library/PackageCache/com.unity.nuget.newtonsoft-json@4dfd81071c64)
    com.unity.searcher@4.9.4 (location: /Users/azt/Desktop/Python/CyberDriftRunner/Library/PackageCache/com.unity.searcher@d45a78918735)
    com.unity.burst@1.8.28 (location: /Users/azt/Desktop/Python/CyberDriftRunner/Library/PackageCache/com.unity.burst@07790c2d06d9)
    com.unity.mathematics@1.3.3 (location: /Users/azt/Desktop/Python/CyberDriftRunner/Library/PackageCache/com.unity.mathematics@19a9377c4ffa)
    com.unity.nuget.mono-cecil@1.11.6 (location: /Users/azt/Desktop/Python/CyberDriftRunner/Library/PackageCache/com.unity.nuget.mono-cecil@ecb9724e46ff)
    com.unity.test-framework.performance@3.2.0 (location: /Users/azt/Desktop/Python/CyberDriftRunner/Library/PackageCache/com.unity.test-framework.performance@0840f58e4562)
  Built-in packages:
    com.unity.2d.sprite@1.0.0 (location: /Users/azt/Desktop/Python/CyberDriftRunner/Library/PackageCache/com.unity.2d.sprite@929df5adbb1f)
    com.unity.render-pipelines.universal@17.4.0 (location: /Users/azt/Desktop/Python/CyberDriftRunner/Library/PackageCache/com.unity.render-pipelines.universal@0c5162adfb45)
    com.unity.textmeshpro@5.0.0 (location: /Users/azt/Desktop/Python/CyberDriftRunner/Library/PackageCache/com.unity.textmeshpro@53f43edfd2e0)
    com.unity.ugui@2.0.0 (location: /Users/azt/Desktop/Python/CyberDriftRunner/Library/PackageCache/com.unity.ugui@3dd2fbd8c1f1)
    com.unity.modules.audio@1.0.0 (location: /Users/azt/Desktop/Python/CyberDriftRunner/Library/PackageCache/com.unity.modules.audio)
    com.unity.modules.animation@1.0.0 (location: /Users/azt/Desktop/Python/CyberDriftRunner/Library/PackageCache/com.unity.modules.animation)
    com.unity.modules.imgui@1.0.0 (location: /Users/azt/Desktop/Python/CyberDriftRunner/Library/PackageCache/com.unity.modules.imgui)
    com.unity.modules.particlesystem@1.0.0 (location: /Users/azt/Desktop/Python/CyberDriftRunner/Library/PackageCache/com.unity.modules.particlesystem)
    com.unity.modules.physics@1.0.0 (location: /Users/azt/Desktop/Python/CyberDriftRunner/Library/PackageCache/com.unity.modules.physics)
    com.unity.modules.physics2d@1.0.0 (location: /Users/azt/Desktop/Python/CyberDriftRunner/Library/PackageCache/com.unity.modules.physics2d)
    com.unity.modules.ui@1.0.0 (location: /Users/azt/Desktop/Python/CyberDriftRunner/Library/PackageCache/com.unity.modules.ui)
    com.unity.modules.uielements@1.0.0 (location: /Users/azt/Desktop/Python/CyberDriftRunner/Library/PackageCache/com.unity.modules.uielements)
    com.unity.modules.jsonserialize@1.0.0 (location: /Users/azt/Desktop/Python/CyberDriftRunner/Library/PackageCache/com.unity.modules.jsonserialize)
    com.unity.modules.hierarchycore@1.0.0 (location: /Users/azt/Desktop/Python/CyberDriftRunner/Library/PackageCache/com.unity.modules.hierarchycore)
    com.unity.render-pipelines.core@17.4.0 (location: /Users/azt/Desktop/Python/CyberDriftRunner/Library/PackageCache/com.unity.render-pipelines.core@6a60abc179f8)
    com.unity.shadergraph@17.4.0 (location: /Users/azt/Desktop/Python/CyberDriftRunner/Library/PackageCache/com.unity.shadergraph@c6e5f4d3afa5)
    com.unity.render-pipelines.universal-config@17.4.0 (location: /Users/azt/Desktop/Python/CyberDriftRunner/Library/PackageCache/com.unity.render-pipelines.universal-config@0db4263b9e6b)
    com.unity.modules.androidjni@1.0.0 (location: /Users/azt/Desktop/Python/CyberDriftRunner/Library/PackageCache/com.unity.modules.androidjni)
    com.unity.test-framework@1.6.0 (location: /Users/azt/Desktop/Python/CyberDriftRunner/Library/PackageCache/com.unity.test-framework@629486125cfc)
    com.unity.ext.nunit@2.0.5 (location: /Users/azt/Desktop/Python/CyberDriftRunner/Library/PackageCache/com.unity.ext.nunit@d8c07649098d)
    com.unity.modules.unitywebrequest@1.0.0 (location: /Users/azt/Desktop/Python/CyberDriftRunner/Library/PackageCache/com.unity.modules.unitywebrequest)
    com.unity.collections@6.4.0 (location: /Users/azt/Desktop/Python/CyberDriftRunner/Library/PackageCache/com.unity.collections@538ace9075bc)
    com.unity.modules.terrain@1.0.0 (location: /Users/azt/Desktop/Python/CyberDriftRunner/Library/PackageCache/com.unity.modules.terrain)
[Package Manager] com.unity.textmeshpro is deprecated: This package is no longer supported. TextMeshPro functionalities are now included in the com.unity.ugui package. To continue using them, consider adding it to your project dependencies.
[Subsystems] No new subsystems found in resolved package list.
[Package Manager] Done registering packages in 0.01 seconds
info: Microsoft.Hosting.Lifetime[14]
      Now listening on: http://unix:/tmp/ilpp.sock-7b5ed3e85399f7a1750eadbf8f25a0bf
info: Microsoft.Hosting.Lifetime[0]
      Application started. Press Ctrl+C to shut down.
info: Microsoft.Hosting.Lifetime[0]
      Hosting environment: Production
info: Microsoft.Hosting.Lifetime[0]
      Content root path: /Users/azt/Desktop/Python/CyberDriftRunner
info: Microsoft.AspNetCore.Hosting.Diagnostics[1]
      Request starting HTTP/2 POST http://ilpp/UnityILPP.PostProcessing/Ping - application/grpc -
info: Microsoft.AspNetCore.Routing.EndpointMiddleware[0]
      Executing endpoint 'gRPC - /UnityILPP.PostProcessing/Ping'
info: Microsoft.AspNetCore.Routing.EndpointMiddleware[1]
      Executed endpoint 'gRPC - /UnityILPP.PostProcessing/Ping'
info: Microsoft.AspNetCore.Hosting.Diagnostics[2]
      Request finished HTTP/2 POST http://ilpp/UnityILPP.PostProcessing/Ping - 200 - application/grpc 26.7242ms
Starting: /Applications/Unity/Hub/Editor/6000.4.0f1/Unity.app/Contents/Resources/BuildPipeline/bee_backend --ipc --defer-dag-verification --dagfile="Library/Bee/200b0aE.dag" --continue-on-failure --profile="Library/Bee/backend1.traceevents" ScriptAssemblies
WorkingDir: /Users/azt/Desktop/Python/CyberDriftRunner
DisplayProgressbar: Compiling Scripts
info: Microsoft.AspNetCore.Hosting.Diagnostics[1]
      Request starting HTTP/2 POST http://ilpp/UnityILPP.PostProcessing/ConfigurePostProcessors - application/grpc -
info: Microsoft.AspNetCore.Routing.EndpointMiddleware[0]
      Executing endpoint 'gRPC - /UnityILPP.PostProcessing/ConfigurePostProcessors'
warn: Unity.ILPP.Runner.PostProcessingAssemblyLoadContext[0]
      Assembly system.runtime.interopservices.windowsruntime has duplicate hint path. Ignoring "/Applications/Unity/Hub/Editor/6000.4.0f1/Unity.app/Contents/Resources/Scripting/UnityReferenceAssemblies/unity-4.8-api/Facades/System.Runtime.InteropServices.WindowsRuntime.dll" in favor of "/Applications/Unity/Hub/Editor/6000.4.0f1/Unity.app/Contents/Resources/Scripting/NetStandard/Extensions/2.0.0/System.Runtime.InteropServices.WindowsRuntime.dll"
warn: Unity.ILPP.Runner.PostProcessingAssemblyLoadContext[0]
      Assembly system.componentmodel.composition has duplicate hint path. Ignoring "/Applications/Unity/Hub/Editor/6000.4.0f1/Unity.app/Contents/Resources/Scripting/UnityReferenceAssemblies/unity-4.8-api/System.ComponentModel.Composition.dll" in favor of "/Applications/Unity/Hub/Editor/6000.4.0f1/Unity.app/Contents/Resources/Scripting/NetStandard/compat/2.1.0/shims/netfx/System.ComponentModel.Composition.dll"
info: Unity.ILPP.Runner.PostProcessingAssemblyLoadContext[0]
      Resolved Unity.Burst.Cecil, Version=0.11.4.0, Culture=neutral, PublicKeyToken=50cebf1cceb9d05e with Library/PackageCache/com.unity.burst@07790c2d06d9/Unity.Burst.CodeGen/Unity.Burst.Cecil.dll
info: Unity.ILPP.Runner.PostProcessingAssemblyLoadContext[0]
      Resolved Mono.Cecil, Version=0.11.5.0, Culture=neutral, PublicKeyToken=50cebf1cceb9d05e with Library/PackageCache/com.unity.nuget.mono-cecil@ecb9724e46ff/Mono.Cecil.dll
info: Microsoft.AspNetCore.Routing.EndpointMiddleware[1]
      Executed endpoint 'gRPC - /UnityILPP.PostProcessing/ConfigurePostProcessors'
info: Microsoft.AspNetCore.Hosting.Diagnostics[2]
      Request finished HTTP/2 POST http://ilpp/UnityILPP.PostProcessing/ConfigurePostProcessors - 200 - application/grpc 26.8150ms
ExitCode: 0 Duration: 0s380ms
[740/978    0s] ILPP-Configuration Library/ilpp-configuration.nevergeneratedoutput
*** Tundra build success (0.36 seconds), 1 items updated, 978 evaluated
AssetDatabase: script compilation time: 0.956313s
Begin MonoManager ReloadAssembly
Assembly Assembly-CSharp-Editor-firstpass.dll at Library/ScriptAssemblies/Assembly-CSharp-Editor-firstpass.dll not valid. Loading of assembly skipped.
Assembly Assembly-CSharp-firstpass.dll at Library/ScriptAssemblies/Assembly-CSharp-firstpass.dll not valid. Loading of assembly skipped.
Assembly PhotonWebSocket.dll at Library/ScriptAssemblies/PhotonWebSocket.dll not valid. Loading of assembly skipped.
Assembly TestNewCustomAssembly.dll at Library/ScriptAssemblies/TestNewCustomAssembly.dll not valid. Loading of assembly skipped.
Assembly Unity.2D.Sprite.Package.EditorTests.dll at Library/ScriptAssemblies/Unity.2D.Sprite.Package.EditorTests.dll not valid. Loading of assembly skipped.
Assembly Unity.Android.Notifications.Tests.dll at Library/ScriptAssemblies/Unity.Android.Notifications.Tests.dll not valid. Loading of assembly skipped.
Assembly Unity.Collections.BurstCompatibilityGen.dll at Library/ScriptAssemblies/Unity.Collections.BurstCompatibilityGen.dll not valid. Loading of assembly skipped.
Assembly Unity.Collections.DocCodeSamples.dll at Library/ScriptAssemblies/Unity.Collections.DocCodeSamples.dll not valid. Loading of assembly skipped.
Assembly Unity.Collections.PerformanceTests.dll at Library/ScriptAssemblies/Unity.Collections.PerformanceTests.dll not valid. Loading of assembly skipped.
Assembly Unity.Collections.Tests.dll at Library/ScriptAssemblies/Unity.Collections.Tests.dll not valid. Loading of assembly skipped.
Assembly Unity.Collections.Tests.Playmode.dll at Library/ScriptAssemblies/Unity.Collections.Tests.Playmode.dll not valid. Loading of assembly skipped.
Assembly Unity.InputSystem.IntegrationTests.dll at Library/ScriptAssemblies/Unity.InputSystem.IntegrationTests.dll not valid. Loading of assembly skipped.
Assembly Unity.iOS.Notifications.Tests.dll at Library/ScriptAssemblies/Unity.iOS.Notifications.Tests.dll not valid. Loading of assembly skipped.
Assembly Unity.Mathematics.Tests.dll at Library/ScriptAssemblies/Unity.Mathematics.Tests.dll not valid. Loading of assembly skipped.
Assembly Unity.Notifications.Tests.dll at Library/ScriptAssemblies/Unity.Notifications.Tests.dll not valid. Loading of assembly skipped.
Assembly Unity.Notifications.Unified.Tests.dll at Library/ScriptAssemblies/Unity.Notifications.Unified.Tests.dll not valid. Loading of assembly skipped.
Assembly Unity.Nuget.Mono-Cecil.dll at Library/ScriptAssemblies/Unity.Nuget.Mono-Cecil.dll not valid. Loading of assembly skipped.
Assembly Unity.PathTracing.Editor.Tests.dll at Library/ScriptAssemblies/Unity.PathTracing.Editor.Tests.dll not valid. Loading of assembly skipped.
Assembly Unity.PathTracing.Runtime.Tests.dll at Library/ScriptAssemblies/Unity.PathTracing.Runtime.Tests.dll not valid. Loading of assembly skipped.
Assembly Unity.RenderPipelines.Core.Editor.Tests.dll at Library/ScriptAssemblies/Unity.RenderPipelines.Core.Editor.Tests.dll not valid. Loading of assembly skipped.
Assembly Unity.RenderPipelines.Core.Runtime.Tests.dll at Library/ScriptAssemblies/Unity.RenderPipelines.Core.Runtime.Tests.dll not valid. Loading of assembly skipped.
Assembly Unity.RenderPipelines.Universal.Config.Editor.Tests.dll at Library/ScriptAssemblies/Unity.RenderPipelines.Universal.Config.Editor.Tests.dll not valid. Loading of assembly skipped.
Assembly Unity.RenderPipelines.Universal.Editor.Tests.dll at Library/ScriptAssemblies/Unity.RenderPipelines.Universal.Editor.Tests.dll not valid. Loading of assembly skipped.
Assembly Unity.RenderPipelines.Universal.Runtime.Tests.dll at Library/ScriptAssemblies/Unity.RenderPipelines.Universal.Runtime.Tests.dll not valid. Loading of assembly skipped.
Assembly Unity.Searcher.EditorTests.dll at Library/ScriptAssemblies/Unity.Searcher.EditorTests.dll not valid. Loading of assembly skipped.
Assembly Unity.ShaderGraph.Editor.Tests.dll at Library/ScriptAssemblies/Unity.ShaderGraph.Editor.Tests.dll not valid. Loading of assembly skipped.
Assembly Unity.TextMeshPro.Editor.Tests.dll at Library/ScriptAssemblies/Unity.TextMeshPro.Editor.Tests.dll not valid. Loading of assembly skipped.
Assembly Unity.TextMeshPro.Tests.dll at Library/ScriptAssemblies/Unity.TextMeshPro.Tests.dll not valid. Loading of assembly skipped.
Assembly Unity.UnifiedRayTracing.Editor.Tests.dll at Library/ScriptAssemblies/Unity.UnifiedRayTracing.Editor.Tests.dll not valid. Loading of assembly skipped.
Assembly UnityEditor.UI.Common.Tests.dll at Library/ScriptAssemblies/UnityEditor.UI.Common.Tests.dll not valid. Loading of assembly skipped.
Assembly UnityEditor.UI.EditorTests.dll at Library/ScriptAssemblies/UnityEditor.UI.EditorTests.dll not valid. Loading of assembly skipped.
Assembly UnityEngine.Advertisements.Editor.Tests.dll at Library/ScriptAssemblies/UnityEngine.Advertisements.Editor.Tests.dll not valid. Loading of assembly skipped.
Assembly UnityEngine.Advertisements.Tests.dll at Library/ScriptAssemblies/UnityEngine.Advertisements.Tests.dll not valid. Loading of assembly skipped.
Assembly UnityEngine.UI.Tests.dll at Library/ScriptAssemblies/UnityEngine.UI.Tests.dll not valid. Loading of assembly skipped.
Symbol file LoadedFromMemory is not a mono symbol file
Native extension for OSXStandalone target not found
Native extension for WebGL target not found
ScheduleIndexationOnStartup MainProcess:True IndexOnStartup:True
Mono: successfully reloaded assembly
- Finished resetting the current domain, in  3.077 seconds
Domain Reload Profiling: 3800ms
	BeginReloadAssembly (262ms)
		DisableScriptedObjects (9ms)
		CreateAndSetChildDomain (147ms)
	RebuildCommonClasses (41ms)
	RebuildNativeTypeToScriptingClass (17ms)
	initialDomainReloadingComplete (38ms)
	LoadAllAssembliesAndSetupDomain (365ms)
		LoadAssemblies (249ms)
		AnalyzeDomain (175ms)
			TypeCache.Refresh (126ms)
				TypeCache.ScanAssembly (110ms)
			BuildScriptInfoCaches (35ms)
			ResolveRequiredComponents (12ms)
	FinalizeReload (3077ms)
		SetupLoadedEditorAssemblies (0ms)
			InitializePlatformSupportModulesInManaged (21ms)
			BeforeProcessingInitializeOnLoad (148ms)
			ProcessInitializeOnLoadAttributes (2384ms)
			ProcessInitializeOnLoadMethodAttributes (340ms)
		AwakeInstancesAfterBackupRestoration (4ms)
(Values over 0.050ms)
Asset Pipeline Refresh (id=7c0e7ec7b5815417a8d8b550111adc2d): Total: 5.563 seconds - Initiated by InitialRefreshV2(ForceSynchronousImport)
	Summary:
		Imports: total=0 (actual=0, local cache=0, cache server=0)
		Asset DB Process Time: managed=0 ms, native=3741 ms
		Asset DB Callback time: managed=82 ms, native=13 ms
		Scripting: domain reloads=1, domain reload time=723 ms, compile time=958 ms, other=42 ms
		Project Asset Count: scripts=1181, non-scripts=2280
		Asset File Changes: new=0, changed=0, moved=0, deleted=0
		Scan Filter Count: 1
	InvokePackagesCallback: 14.846ms
	ApplyChangesToAssetFolders: 0.261ms
	Scan: 375.311ms
	CategorizeScriptCompilationAssets: 48.646ms
	ProcessAssetsWithTransientArtifactChanges: 50.187ms
	CategorizeAssets: 54.771ms
	CompileScripts: 957.562ms
	ImportOutOfDateAssets: 3086.015ms (3083.808ms without children)
		UnloadImportedAssets: 1.114ms
		EnsureUptoDateAssetsAreRegisteredWithGuidPM: 0.678ms
		OnDemandSchedulerStart: 0.378ms
	PostProcessAllAssets: 82.334ms
		MonoPostProcessAllAssets: 82.284ms
			SyncVS.PostprocessSyncProject 24.592ms
			TerrainToolbarOverlayPostProcessor.OnPostprocessAllAssets 19.282ms
			UniversalRenderPipelineGlobalSettingsPostprocessor.OnPostprocessAllAssets 14.864ms
			SpeedTree9Postprocessor.OnPostprocessAllAssets 6.190ms
			WindowAssetPostprocessingWatcher.OnPostprocessAllAssets 2.760ms
			RenderPipelineGlobalSettingsPostprocessor.OnPostprocessAllAssets 0.602ms
			InputActionAssetPostprocessor.OnPostprocessAllAssets 0.555ms
			ReferencedClipsPostProcessor.OnPostprocessAllAssets 0.322ms
			ProjectSettingsPostprocessor.OnPostprocessAllAssets 0.178ms
			AssetDatabaseCallbacks.OnPostprocessAllAssets 0.152ms
			InputActionJsonNameModifierAssetProcessor.OnPostprocessAllAssets 0.139ms
	UnloadStreamsBegin: 1.664ms
	PersistCurrentRevisions: 0.139ms
	GenerateScriptTypeHashes: 3.138ms
	GenerateScriptTypeSerializationHashes: 6.008ms
	Untracked: 890.556ms

Application.AssetDatabase Initial Refresh End
Shader Hidden/ChartRasterizerHardware is not supported: GPU does not support conservative rasterization
Scanning for USB devices : 0.050ms
Initializing Unity extensions:
[MODES] ModeService[none].Initialize
[MODES] ModeService[none].LoadModes
[MODES] Loading mode Default (0) for mode-current-id-CyberDriftRunner
Unloading 69 Unused Serialized files (Serialized files now loaded: 0)
Unloading 4780 unused Assets / (7.4 MB). Loaded Objects now: 5488.
Memory consumption went from 211.0 MB to 203.6 MB.
Total: 13.286416 ms (FindLiveObjects: 0.276584 ms CreateObjectMapping: 0.200875 ms MarkObjects: 7.269083 ms  DeleteObjects: 5.539250 ms)

Start importing Assets/Settings/Configs/Districts/MarketStripPresentation.asset using Guid(802187213b1fb4546a84b3064632e26d) (NativeFormatImporter) -> (Import Result ID: '0f06a865712008fb866d30fa4db07ae9') in 0.005125917 seconds [static dependencies only]. Details - ImportResultOutputID=3d8ba9ae851d7a2912a7f9e139462a45 DependenciesID=12ddbe5455a0d9716988e6aa8fb5485b StaticDependenciesID=10380cdcb81cfc0d9b66a0f88a39b829 
Start importing Assets/Settings/Configs/AudioStyleProfile.asset using Guid(c017d9fe96bb247b7a3de3fb2d2398e1) (NativeFormatImporter) -> (Import Result ID: '2fd7f50ecb2f1c23f46bd0f06dbf775e') in 0.000841583 seconds [static dependencies only]. Details - ImportResultOutputID=9aa67a412566ce8f45317cb7ba4ba315 DependenciesID=caefbf46660a1a480f83fe5a885c85cb StaticDependenciesID=469d45f19305339d356b5010123a429a 
Start importing Assets/Settings/Configs/VisualAssetCatalog.asset using Guid(84b169d177ec148fd805ad1689cf490a) (NativeFormatImporter) -> (Import Result ID: '445d6e3e92baf6412389253dbb2112fa') in 0.00061425 seconds [static dependencies only]. Details - ImportResultOutputID=080ad3761ef36cc697cb7353fcd3fa75 DependenciesID=1a7a5e4b15188a93870937a75a5ebdb4 StaticDependenciesID=c18b48c8f5662cb8c2c188726d6b215f 
Start importing Assets/Settings/Configs/Districts/NeonGatewayPresentation.asset using Guid(45d5b4ae254f64fe6b712a715f49f1da) (NativeFormatImporter) -> (Import Result ID: '745fe4f5c7fbf78b9ecac659027030d9') in 0.000560625 seconds [static dependencies only]. Details - ImportResultOutputID=9d8523245e64e90fe0dd8db4af349684 DependenciesID=13ff5b827b76057519714b95cf611337 StaticDependenciesID=0d3a5ade6c8b608490c84b1d76a298e3 
Start importing Assets/Settings/Configs/Districts/SecurityCorridorPresentation.asset using Guid(e93fcaf0c44674aaea8ef72dda145569) (NativeFormatImporter) -> (Import Result ID: 'd23e2b5730cfef12cc61dff4f27accc4') in 0.000560292 seconds [static dependencies only]. Details - ImportResultOutputID=6cea9d5b6a24b106fcf176335b47cb9d DependenciesID=8c6e45acb585289da0aeb16a419c103a StaticDependenciesID=ffe9dc0b470f5ac468f22d46af5f09a6 
Start importing Assets/Settings/Configs/Districts/CitadelApproachPresentation.asset using Guid(1f598881f8e7c4ce6be8b5da6334189b) (NativeFormatImporter) -> (Import Result ID: '5b329f0b0057c7bb7483a5fcc9544b4e') in 0.000604667 seconds [static dependencies only]. Details - ImportResultOutputID=d8792c448f31e8351b67802c770b9911 DependenciesID=bd8b26afe2403520050befae27d2ce7f StaticDependenciesID=bf5890944bb32b10f8a671c9056aa355 
Start importing Assets/Settings/Configs/DistrictPresentationLibrary.asset using Guid(6f725f8f9a6df45dbbd0eac2808fa616) (NativeFormatImporter) -> (Import Result ID: 'b8b9063be4404378357e3054622e26fd') in 0.000539958 seconds [static dependencies only]. Details - ImportResultOutputID=a89665bbdffb6233e52c6e806a3aef10 DependenciesID=a6c825dddfd140078887624b11d7434e StaticDependenciesID=590d72021a2ca6367d59c6d126c212da 
(Values over 0.050ms)
Asset Pipeline Refresh (id=e4f51ea8caf90471bbcc441d32220443): Total: 0.486 seconds - Initiated by StopAssetImportingV2(NoUpdateAssetOptions)
	Summary:
		Imports: total=7 (actual=7, local cache=0, cache server=0)
		Asset DB Process Time: managed=1 ms, native=56 ms
		Asset DB Callback time: managed=422 ms, native=4 ms
		Scripting: domain reloads=0, domain reload time=0 ms, compile time=0 ms, other=0 ms
		Project Asset Count: scripts=1181, non-scripts=2280
		Asset File Changes: new=0, changed=0, moved=0, deleted=0
		Scan Filter Count: 11
	ApplyChangesToAssetFolders: 0.057ms
	Scan: 4.871ms
	CategorizeAssets: 36.874ms
	ImportOutOfDateAssets: 12.501ms (0.200ms without children)
		ImportManagerImport: 11.398ms (1.015ms without children)
			UpdateCategorizedAssets: 0.054ms
		UnloadImportedAssets: 0.114ms
		EnsureUptoDateAssetsAreRegisteredWithGuidPM: 0.457ms
		OnDemandSchedulerStart: 0.279ms
	PostProcessAllAssets: 425.063ms
		XRBuildSystem.XRAssetImported 2.394ms
		MonoPostProcessAllAssets: 422.253ms
			StyleCatalogPostProcessor.OnPostprocessAllAssets 309.749ms
			AssetPostprocessor.OnPostprocessAllAssets 88.966ms
			BuilderAssetPostprocessor.OnPostprocessAllAssets 8.651ms
			PackageManagerResolver.OnPostprocessAllAssets 2.292ms
			VersionHandlerImpl.OnPostprocessAllAssets 1.697ms
			ShaderGraphAssetPostProcessor.OnPostprocessAllAssets 1.274ms
			AssetChangedListener.OnPostprocessAllAssets 1.171ms
			SyncVS.PostprocessSyncProject 1.144ms
			RetainedModeAssetPostprocessor.OnPostprocessAllAssets 1.018ms
			TMPro_TexturePostProcessor.OnPostprocessAllAssets 0.855ms
			MaterialPostprocessor.OnPostprocessAllAssets 0.689ms
			ArtifactBrowserPostProcessor.OnPostprocessAllAssets 0.527ms
			SpriteEditorTexturePostprocessor.OnPostprocessAllAssets 0.451ms
			PlayServicesResolver.OnPostprocessAllAssets 0.410ms
			IOSResolver.OnPostprocessAllAssets 0.351ms
			TextAssetPostProcessor.OnPostprocessAllAssets 0.320ms
			PostProcessor.OnPostprocessAllAssets 0.311ms
			AssetEvents.OnPostprocessAllAssets 0.261ms
			AudioMixerPostprocessor.OnPostprocessAllAssets 0.256ms
			ConfigAssetsTracker.OnPostprocessAllAssets 0.139ms
			ScenarioDriftAssetsTracker.OnPostprocessAllAssets 0.130ms
			SpeedTreePostProcessor.OnPostprocessAllAssets 0.129ms
			RenderPipelineGlobalSettingsPostprocessor.OnPostprocessAllAssets 0.066ms
			InputActionAssetPostprocessor.OnPostprocessAllAssets 0.066ms
			AudioContainerPostProcessor.OnPostprocessAllAssets 0.062ms
	PostAssetChangesProfiler: 1.697ms
	GatherAllCurrentPrimaryImportResultRevisions: 0.123ms
	UnloadStreamsBegin: 1.436ms
	PersistCurrentRevisions: 0.138ms
	Untracked: 2.848ms

Opening scene 'Assets/Scenes/MainMenu.unity'
Unloading 7 Unused Serialized files (Serialized files now loaded: 0)
Loaded scene 'Assets/Scenes/MainMenu.unity'
	Deserialize:            35.661 ms
	Integration:            210.831 ms
	Integration of assets:  0.012 ms
	Thread Wait Time:       0.003 ms
	Total Operation Time:   246.508 ms
Unloading 2555 unused Assets / (0.7 MB). Loaded Objects now: 8238.
Memory consumption went from 187.3 MB to 186.6 MB.
Total: 9.229417 ms (FindLiveObjects: 0.486417 ms CreateObjectMapping: 0.196833 ms MarkObjects: 7.555583 ms  DeleteObjects: 0.990084 ms)

Opening scene 'Assets/Scenes/GameScene.unity'
Unloading 27 Unused Serialized files (Serialized files now loaded: 0)
Loaded scene 'Assets/Scenes/GameScene.unity'
	Deserialize:            164.923 ms
	Integration:            223.024 ms
	Integration of assets:  2.249 ms
	Thread Wait Time:       -0.041 ms
	Total Operation Time:   390.154 ms
Unloading 1 unused Assets / (0.5 KB). Loaded Objects now: 21073.
Memory consumption went from 196.0 MB to 196.0 MB.
Total: 9.203625 ms (FindLiveObjects: 0.748916 ms CreateObjectMapping: 0.261167 ms MarkObjects: 8.164292 ms  DeleteObjects: 0.029000 ms)

Opening scene 'Assets/Scenes/GameOver.unity'
Unloading 1 Unused Serialized files (Serialized files now loaded: 0)
Loaded scene 'Assets/Scenes/GameOver.unity'
	Deserialize:            14.438 ms
	Integration:            198.240 ms
	Integration of assets:  0.006 ms
	Thread Wait Time:       0.002 ms
	Total Operation Time:   212.687 ms
Unloading 2598 unused Assets / (1.5 MB). Loaded Objects now: 7017.
Memory consumption went from 188.7 MB to 187.2 MB.
Total: 9.237542 ms (FindLiveObjects: 0.329125 ms CreateObjectMapping: 0.182792 ms MarkObjects: 7.632750 ms  DeleteObjects: 1.092166 ms)

Cyber Drift Runner production readiness
Result: ready for production validation.
UnityEngine.Debug:ExtractStackTraceNoAlloc (byte*,int,string)
UnityEngine.StackTraceUtility:ExtractStackTrace () (at /Users/bokken/build/output/unity/unity/Runtime/Export/Scripting/StackTrace.cs:35)
UnityEngine.DebugLogHandler:Internal_Log (UnityEngine.LogType,UnityEngine.LogOption,string,UnityEngine.Object)
UnityEngine.DebugLogHandler:LogFormat (UnityEngine.LogType,UnityEngine.Object,string,object[])
UnityEngine.Logger:Log (UnityEngine.LogType,object)
UnityEngine.Debug:Log (object)
ProductionReadinessValidator:ValidateProductionReadiness () (at Assets/Editor/ProductionReadinessValidator.cs:25)

(Filename: Assets/Editor/ProductionReadinessValidator.cs Line: 25)

Batchmode quit successfully invoked - shutting down!
Thread 0x170bc7000 may have been prematurely finalized
Input System module state changed to: ShutdownInProgress.
Input Polling Thread exited.
Input System module state changed to: Shutdown.
[Physics::Module] Cleanup current backend.
[Physics::Module] Id: 0xf2b8ea05
[Licensing::IpcConnector] LicenseClient-azt-notifications channel disconnected successfully.
[Licensing::IpcConnector] LicenseClient-azt channel disconnected successfully.
Thread 0x16fbfb000 may have been prematurely finalized
Thread 0x16fd13000 may have been prematurely finalized
Thread 0x16fc87000 may have been prematurely finalized
Thread 0x16feb7000 may have been prematurely finalized
Thread 0x16fe2b000 may have been prematurely finalized
Thread 0x16fd9f000 may have been prematurely finalized
Thread 0x16ff43000 may have been prematurely finalized
AcceleratorClientConnectionCallback - disconnected - :0
info: Microsoft.Hosting.Lifetime[0]
      Application is shutting down...
Cleanup mono
CodeReloadManager destroyed
info: Unity.ILPP.Runner.PostProcessingAssemblyLoadContext[0]
      ALC ILPP context 1 is unloading
debugger-agent: Unable to listen on 43
Exiting batchmode successfully now!
[Package Manager] Server process was shutdown
